#
# There is insufficient memory for the Java Runtime Environment to continue.
# Native memory allocation (malloc) failed to allocate 1114896 bytes. Error detail: Chunk::new
# Possible reasons:
#   The system is out of physical RAM or swap space
#   This process is running with CompressedOops enabled, and the Java Heap may be blocking the growth of the native heap
# Possible solutions:
#   Reduce memory load on the system
#   Increase physical memory or swap space
#   Check if swap backing store is full
#   Decrease Java heap size (-Xmx/-Xms)
#   Decrease number of Java threads
#   Decrease Java thread stack sizes (-Xss)
#   Set larger code cache with -XX:ReservedCodeCacheSize=
#   JVM is running with Unscaled Compressed Oops mode in which the Java heap is
#     placed in the first 4GB address space. The Java Heap base address is the
#     maximum limit for the native heap growth. Please use -XX:HeapBaseMinAddress
#     to set the Java Heap base and to place the Java Heap above 4GB virtual address.
# This output file may be truncated or incomplete.
#
#  Out of Memory Error (arena.cpp:168), pid=36304, tid=9896
#
# JRE version: OpenJDK Runtime Environment Temurin-21.0.11+10 (21.0.11+10) (build 21.0.11+10-LTS)
# Java VM: OpenJDK 64-Bit Server VM Temurin-21.0.11+10 (21.0.11+10-LTS, mixed mode, sharing, tiered, compressed oops, compressed class ptrs, parallel gc, windows-amd64)
# No core dump will be written. Minidumps are not enabled by default on client versions of Windows
#

---------------  S U M M A R Y ------------

Command Line: --add-modules=ALL-SYSTEM --add-opens=java.base/java.util=ALL-UNNAMED --add-opens=java.base/java.lang=ALL-UNNAMED --add-opens=java.base/sun.nio.fs=ALL-UNNAMED -Declipse.application=org.eclipse.jdt.ls.core.id1 -Dosgi.bundles.defaultStartLevel=4 -Declipse.product=org.eclipse.jdt.ls.core.product -Djava.import.generatesMetadataFilesAtProjectRoot=false -DDetectVMInstallationsJob.disabled=true -Dfile.encoding=utf8 -XX:+UseParallelGC -XX:GCTimeRatio=4 -XX:AdaptiveSizePolicyWeight=90 -Dsun.zip.disableMemoryMapping=true -Xmx2G -Xms100m -Xlog:disable -javaagent:c:\Users\neera\.vscode\extensions\redhat.java-1.55.0-win32-x64\lombok\lombok-1.18.39-4050.jar c:\Users\neera\.vscode\extensions\redhat.java-1.55.0-win32-x64\server\plugins\org.eclipse.equinox.launcher_1.7.200.v20260619-2039.jar -configuration c:\Users\neera\AppData\Roaming\Code\User\globalStorage\redhat.java\1.55.0\config_ss_win -data c:\Users\neera\AppData\Roaming\Code\User\workspaceStorage\f67178313069d115ae4a3d23a0a6ff39\redhat.java\ss_ws --pipe=\\.\pipe\lsp-6b79173c0936dbedbff222b03b74ee9f-sock

Host: AMD Ryzen 5 5500U with Radeon Graphics         , 12 cores, 7G,  Windows 11 , 64 bit Build 26100 (10.0.26100.8246)
Time: Sat Jun 27 20:17:35 2026 India Standard Time elapsed time: 12.748123 seconds (0d 0h 0m 12s)

---------------  T H R E A D  ---------------

Current thread (0x000001ee8589ca90):  JavaThread "C2 CompilerThread0" daemon [_thread_in_native, id=9896, stack(0x000000d383600000,0x000000d383700000) (1024K)]


Current CompileTask:
C2:12748 2578       4       java.lang.invoke.MethodType::makeImpl (109 bytes)

Stack: [0x000000d383600000,0x000000d383700000]
Native frames: (J=compiled Java code, j=interpreted, Vv=VM code, C=native code)
V  [jvm.dll+0x6d7e19]
V  [jvm.dll+0x8b5096]
V  [jvm.dll+0x8b764e]
V  [jvm.dll+0x8b7d33]
V  [jvm.dll+0x284596]
V  [jvm.dll+0xc685d]
V  [jvm.dll+0xc6da1]
V  [jvm.dll+0x3bed31]
V  [jvm.dll+0x1e4149]
V  [jvm.dll+0x24c853]
V  [jvm.dll+0x24bce0]
V  [jvm.dll+0x1cb4ae]
V  [jvm.dll+0x25baad]
V  [jvm.dll+0x25a03a]
V  [jvm.dll+0x3f868e]
V  [jvm.dll+0x85fb0d]
V  [jvm.dll+0x6d664d]
C  [ucrtbase.dll+0x37b0]
C  [KERNEL32.DLL+0x2e8d7]
C  [ntdll.dll+0x8c3fc]


---------------  P R O C E S S  ---------------

Threads class SMR info:
_java_thread_list=0x000001eee40524d0, length=19, elements={
0x000001ee857e3100, 0x000001ee85884400, 0x000001ee8578e1d0, 0x000001ee8588c840,
0x000001ee8588a0e0, 0x000001ee8588a770, 0x000001ee8588ced0, 0x000001ee8589ca90,
0x000001eede5a8750, 0x000001ee8588d560, 0x000001ee8588ae00, 0x000001ee8588b490,
0x000001ee8588bb20, 0x000001ee8588c1b0, 0x000001eee41d8d50, 0x000001eee41da790,
0x000001eee41dae20, 0x000001eee41da100, 0x000001eee41db4b0
}

Java Threads: ( => current thread )
  0x000001ee857e3100 JavaThread "main"                              [_thread_blocked, id=12016, stack(0x000000d382c00000,0x000000d382d00000) (1024K)]
  0x000001ee85884400 JavaThread "Reference Handler"          daemon [_thread_blocked, id=27684, stack(0x000000d383000000,0x000000d383100000) (1024K)]
  0x000001ee8578e1d0 JavaThread "Finalizer"                  daemon [_thread_blocked, id=28236, stack(0x000000d383100000,0x000000d383200000) (1024K)]
  0x000001ee8588c840 JavaThread "Signal Dispatcher"          daemon [_thread_blocked, id=23596, stack(0x000000d383200000,0x000000d383300000) (1024K)]
  0x000001ee8588a0e0 JavaThread "Attach Listener"            daemon [_thread_blocked, id=15064, stack(0x000000d383300000,0x000000d383400000) (1024K)]
  0x000001ee8588a770 JavaThread "Service Thread"             daemon [_thread_blocked, id=7260, stack(0x000000d383400000,0x000000d383500000) (1024K)]
  0x000001ee8588ced0 JavaThread "Monitor Deflation Thread"   daemon [_thread_blocked, id=11432, stack(0x000000d383500000,0x000000d383600000) (1024K)]
=>0x000001ee8589ca90 JavaThread "C2 CompilerThread0"         daemon [_thread_in_native, id=9896, stack(0x000000d383600000,0x000000d383700000) (1024K)]
  0x000001eede5a8750 JavaThread "C1 CompilerThread0"         daemon [_thread_blocked, id=2920, stack(0x000000d383700000,0x000000d383800000) (1024K)]
  0x000001ee8588d560 JavaThread "Common-Cleaner"             daemon [_thread_blocked, id=19932, stack(0x000000d383900000,0x000000d383a00000) (1024K)]
  0x000001ee8588ae00 JavaThread "Notification Thread"        daemon [_thread_blocked, id=16716, stack(0x000000d383a00000,0x000000d383b00000) (1024K)]
  0x000001ee8588b490 JavaThread "Active Thread: Equinox Container: 75c4b52f-6dc0-4c58-bdfd-959d41c39113"        [_thread_blocked, id=24856, stack(0x000000d383800000,0x000000d383900000) (1024K)]
  0x000001ee8588bb20 JavaThread "Framework Event Dispatcher: Equinox Container: 75c4b52f-6dc0-4c58-bdfd-959d41c39113" daemon [_thread_blocked, id=24960, stack(0x000000d384200000,0x000000d384300000) (1024K)]
  0x000001ee8588c1b0 JavaThread "Start Level: Equinox Container: 75c4b52f-6dc0-4c58-bdfd-959d41c39113" daemon [_thread_in_vm, id=5328, stack(0x000000d384300000,0x000000d384400000) (1024K)]
  0x000001eee41d8d50 JavaThread "SCR Component Actor"        daemon [_thread_blocked, id=15940, stack(0x000000d384500000,0x000000d384600000) (1024K)]
  0x000001eee41da790 JavaThread "Worker-JM"                         [_thread_blocked, id=15856, stack(0x000000d383b00000,0x000000d383c00000) (1024K)]
  0x000001eee41dae20 JavaThread "JNA Cleaner"                daemon [_thread_blocked, id=12812, stack(0x000000d384800000,0x000000d384900000) (1024K)]
  0x000001eee41da100 JavaThread "Worker-0"                          [_thread_blocked, id=35468, stack(0x000000d384900000,0x000000d384a00000) (1024K)]
  0x000001eee41db4b0 JavaThread "Worker-1"                          [_thread_blocked, id=31640, stack(0x000000d384a00000,0x000000d384b00000) (1024K)]
Total: 19

Other Threads:
  0x000001ee8587fc20 VMThread "VM Thread"                           [id=21660, stack(0x000000d382f00000,0x000000d383000000) (1024K)]
  0x000001ee8566ca00 WatcherThread "VM Periodic Task Thread"        [id=33876, stack(0x000000d382e00000,0x000000d382f00000) (1024K)]
  0x000001ee85800840 WorkerThread "GC Thread#0"                     [id=31204, stack(0x000000d382d00000,0x000000d382e00000) (1024K)]
  0x000001eedf69bc90 WorkerThread "GC Thread#1"                     [id=28520, stack(0x000000d383c00000,0x000000d383d00000) (1024K)]
  0x000001eede92b100 WorkerThread "GC Thread#2"                     [id=36056, stack(0x000000d383d00000,0x000000d383e00000) (1024K)]
  0x000001eedfbb46c0 WorkerThread "GC Thread#3"                     [id=5048, stack(0x000000d383e00000,0x000000d383f00000) (1024K)]
  0x000001eedfb5f940 WorkerThread "GC Thread#4"                     [id=37416, stack(0x000000d383f00000,0x000000d384000000) (1024K)]
  0x000001eedfb5fcf0 WorkerThread "GC Thread#5"                     [id=30452, stack(0x000000d384000000,0x000000d384100000) (1024K)]
  0x000001eedfb5f1e0 WorkerThread "GC Thread#6"                     [id=11112, stack(0x000000d384100000,0x000000d384200000) (1024K)]
  0x000001eedfb600a0 WorkerThread "GC Thread#7"                     [id=30004, stack(0x000000d384400000,0x000000d384500000) (1024K)]
  0x000001eedfb60800 WorkerThread "GC Thread#8"                     [id=36356, stack(0x000000d384600000,0x000000d384700000) (1024K)]
  0x000001eedfb5ee30 WorkerThread "GC Thread#9"                     [id=36336, stack(0x000000d384700000,0x000000d384800000) (1024K)]
Total: 12

Threads with active compile tasks:
C2 CompilerThread0  12814 2578       4       java.lang.invoke.MethodType::makeImpl (109 bytes)
Total: 1

VM state: not at safepoint (normal execution)

VM Mutex/Monitor currently owned by a thread: None

Heap address: 0x0000000080000000, size: 2048 MB, Compressed Oops mode: 32-bit

CDS archive(s) mapped at: [0x000001ee9d000000-0x000001ee9dba0000-0x000001ee9dba0000), size 12189696, SharedBaseAddress: 0x000001ee9d000000, ArchiveRelocationMode: 1.
Compressed class space mapped at: 0x000001ee9e000000-0x000001eede000000, reserved size: 1073741824
Narrow klass base: 0x000001ee9d000000, Narrow klass shift: 0, Narrow klass range: 0x100000000

GC Precious Log:
 CardTable entry size: 512
 CPUs: 12 total, 12 available
 Memory: 7501M
 Large Page Support: Disabled
 NUMA Support: Disabled
 Compressed Oops: Enabled (32-bit)
 Alignments: Space 512K, Generation 512K, Heap 2M
 Heap Min Capacity: 100M
 Heap Initial Capacity: 100M
 Heap Max Capacity: 2G
 Pre-touch: Disabled
 Parallel Workers: 10

Heap:
 PSYoungGen      total 29696K, used 25104K [0x00000000d5580000, 0x00000000d7680000, 0x0000000100000000)
  eden space 25600K, 82% used [0x00000000d5580000,0x00000000d6a05870,0x00000000d6e80000)
  from space 4096K, 99% used [0x00000000d7280000,0x00000000d767eb48,0x00000000d7680000)
  to   space 4096K, 0% used [0x00000000d6e80000,0x00000000d6e80000,0x00000000d7280000)
 ParOldGen       total 68608K, used 4492K [0x0000000080000000, 0x0000000084300000, 0x00000000d5580000)
  object space 68608K, 6% used [0x0000000080000000,0x0000000080463218,0x0000000084300000)
 Metaspace       used 19401K, committed 20096K, reserved 1114112K
  class space    used 1943K, committed 2240K, reserved 1048576K

Card table byte_map: [0x000001ee85180000,0x000001ee85590000] _byte_map_base: 0x000001ee84d80000

Marking Bits: (ParMarkBitMap*) 0x00007ffe08bf4460
 Begin Bits: [0x000001ee97c90000, 0x000001ee99c90000)
 End Bits:   [0x000001ee99c90000, 0x000001ee9bc90000)

Polling page: 0x000001ee83400000

Metaspace:

Usage:
  Non-class:     17.05 MB used.
      Class:      1.90 MB used.
       Both:     18.95 MB used.

Virtual space:
  Non-class space:       64.00 MB reserved,      17.44 MB ( 27%) committed,  1 nodes.
      Class space:        1.00 GB reserved,       2.19 MB ( <1%) committed,  1 nodes.
             Both:        1.06 GB reserved,      19.62 MB (  2%) committed. 

Chunk freelists:
   Non-Class:  14.27 MB
       Class:  13.79 MB
        Both:  28.05 MB

MaxMetaspaceSize: unlimited
CompressedClassSpaceSize: 1.00 GB
Initial GC threshold: 21.00 MB
Current GC threshold: 21.00 MB
CDS: on
 - commit_granule_bytes: 65536.
 - commit_granule_words: 8192.
 - virtual_space_node_default_size: 8388608.
 - enlarge_chunks_in_place: 1.
 - use_allocation_guard: 0.


Internal statistics:

num_allocs_failed_limit: 0.
num_arena_births: 514.
num_arena_deaths: 0.
num_vsnodes_births: 2.
num_vsnodes_deaths: 0.
num_space_committed: 314.
num_space_uncommitted: 0.
num_chunks_returned_to_freelist: 0.
num_chunks_taken_from_freelist: 1240.
num_chunk_merges: 0.
num_chunk_splits: 805.
num_chunks_enlarged: 508.
num_inconsistent_stats: 0.

CodeHeap 'non-profiled nmethods': size=120000Kb used=1122Kb max_used=1122Kb free=118878Kb
 bounds [0x000001ee904b0000, 0x000001ee90720000, 0x000001ee979e0000]
CodeHeap 'profiled nmethods': size=120000Kb used=5315Kb max_used=5315Kb free=114684Kb
 bounds [0x000001ee889e0000, 0x000001ee88f20000, 0x000001ee8ff10000]
CodeHeap 'non-nmethods': size=5760Kb used=1272Kb max_used=1289Kb free=4487Kb
 bounds [0x000001ee8ff10000, 0x000001ee90180000, 0x000001ee904b0000]
CodeCache: size=245760Kb, used=7709Kb, max_used=7726Kb, free=238049Kb
 total_blobs=3257, nmethods=2707, adapters=456, full_count=0
Compilation: enabled, stopped_count=0, restarted_count=0

Compilation events (20 events):
Event: 11.577 Thread 0x000001eede5a8750 2685       3       org.lombokweb.asm.Label::accept (69 bytes)
Event: 11.577 Thread 0x000001eede5a8750 nmethod 2685 0x000001ee88ef8590 code [0x000001ee88ef8780, 0x000001ee88ef8cb8]
Event: 11.577 Thread 0x000001eee43c2820 nmethod 2662 0x000001ee905c6f10 code [0x000001ee905c70e0, 0x000001ee905c75a0]
Event: 11.607 Thread 0x000001eede5a8750 2686       1       java.lang.invoke.MethodHandleImpl$IntrinsicMethodHandle::getTarget (5 bytes)
Event: 11.607 Thread 0x000001eede5a8750 nmethod 2686 0x000001ee905c7a10 code [0x000001ee905c7ba0, 0x000001ee905c7c68]
Event: 11.615 Thread 0x000001eede5a8750 2687       3       java.util.ArrayDeque::circularClear (43 bytes)
Event: 11.616 Thread 0x000001eede5a8750 nmethod 2687 0x000001ee88ef8e90 code [0x000001ee88ef9060, 0x000001ee88ef9460]
Event: 11.624 Thread 0x000001eede5a8750 2688       3       jdk.internal.misc.Unsafe::putReferenceOpaque (9 bytes)
Event: 11.625 Thread 0x000001eede5a8750 nmethod 2688 0x000001ee88ef9610 code [0x000001ee88ef97a0, 0x000001ee88ef98d0]
Event: 11.659 Thread 0x000001eede5a8750 2689       3       org.lombokweb.asm.SymbolTable::addConstantIntegerOrFloat (21 bytes)
Event: 11.660 Thread 0x000001eede5a8750 nmethod 2689 0x000001ee88ef9990 code [0x000001ee88ef9b60, 0x000001ee88ef9dc8]
Event: 11.661 Thread 0x000001eede5a8750 2690       3       org.lombokweb.asm.SymbolTable::addConstant (317 bytes)
Event: 11.665 Thread 0x000001eede5a8750 nmethod 2690 0x000001ee88ef9f10 code [0x000001ee88efa4c0, 0x000001ee88efd610]
Event: 11.666 Thread 0x000001eede5a8750 2691       1       lombok.patcher.scripts.AddFieldScript::access$0 (5 bytes)
Event: 11.666 Thread 0x000001eede5a8750 nmethod 2691 0x000001ee905c7d10 code [0x000001ee905c7ea0, 0x000001ee905c7f50]
Event: 11.687 Thread 0x000001eede5a8750 2692       3       java.util.concurrent.locks.LockSupport::setBlocker (12 bytes)
Event: 11.688 Thread 0x000001eede5a8750 nmethod 2692 0x000001ee88efe090 code [0x000001ee88efe240, 0x000001ee88efe448]
Event: 11.872 Thread 0x000001eede5a8750 2695       3       java.util.concurrent.locks.AbstractQueuedSynchronizer::casTail (13 bytes)
Event: 11.872 Thread 0x000001eede5a8750 nmethod 2695 0x000001ee88efe510 code [0x000001ee88efe6a0, 0x000001ee88efe7e0]
Event: 11.872 Thread 0x000001eede5a8750 2696       3       jdk.internal.org.objectweb.asm.Frame::execute (2305 bytes)

GC Heap History (8 events):
Event: 1.920 GC heap before
{Heap before GC invocations=1 (full 0):
 PSYoungGen      total 29696K, used 25600K [0x00000000d5580000, 0x00000000d7680000, 0x0000000100000000)
  eden space 25600K, 100% used [0x00000000d5580000,0x00000000d6e80000,0x00000000d6e80000)
  from space 4096K, 0% used [0x00000000d7280000,0x00000000d7280000,0x00000000d7680000)
  to   space 4096K, 0% used [0x00000000d6e80000,0x00000000d6e80000,0x00000000d7280000)
 ParOldGen       total 68608K, used 0K [0x0000000080000000, 0x0000000084300000, 0x00000000d5580000)
  object space 68608K, 0% used [0x0000000080000000,0x0000000080000000,0x0000000084300000)
 Metaspace       used 4357K, committed 4608K, reserved 1114112K
  class space    used 474K, committed 576K, reserved 1048576K
}
Event: 1.954 GC heap after
{Heap after GC invocations=1 (full 0):
 PSYoungGen      total 29696K, used 3319K [0x00000000d5580000, 0x00000000d7680000, 0x0000000100000000)
  eden space 25600K, 0% used [0x00000000d5580000,0x00000000d5580000,0x00000000d6e80000)
  from space 4096K, 81% used [0x00000000d6e80000,0x00000000d71bdea8,0x00000000d7280000)
  to   space 4096K, 0% used [0x00000000d7280000,0x00000000d7280000,0x00000000d7680000)
 ParOldGen       total 68608K, used 16K [0x0000000080000000, 0x0000000084300000, 0x00000000d5580000)
  object space 68608K, 0% used [0x0000000080000000,0x0000000080004000,0x0000000084300000)
 Metaspace       used 4357K, committed 4608K, reserved 1114112K
  class space    used 474K, committed 576K, reserved 1048576K
}
Event: 4.009 GC heap before
{Heap before GC invocations=2 (full 0):
 PSYoungGen      total 29696K, used 28919K [0x00000000d5580000, 0x00000000d7680000, 0x0000000100000000)
  eden space 25600K, 100% used [0x00000000d5580000,0x00000000d6e80000,0x00000000d6e80000)
  from space 4096K, 81% used [0x00000000d6e80000,0x00000000d71bdea8,0x00000000d7280000)
  to   space 4096K, 0% used [0x00000000d7280000,0x00000000d7280000,0x00000000d7680000)
 ParOldGen       total 68608K, used 16K [0x0000000080000000, 0x0000000084300000, 0x00000000d5580000)
  object space 68608K, 0% used [0x0000000080000000,0x0000000080004000,0x0000000084300000)
 Metaspace       used 8188K, committed 8448K, reserved 1114112K
  class space    used 868K, committed 960K, reserved 1048576K
}
Event: 4.020 GC heap after
{Heap after GC invocations=2 (full 0):
 PSYoungGen      total 29696K, used 4092K [0x00000000d5580000, 0x00000000d7680000, 0x0000000100000000)
  eden space 25600K, 0% used [0x00000000d5580000,0x00000000d5580000,0x00000000d6e80000)
  from space 4096K, 99% used [0x00000000d7280000,0x00000000d767f000,0x00000000d7680000)
  to   space 4096K, 0% used [0x00000000d6e80000,0x00000000d6e80000,0x00000000d7280000)
 ParOldGen       total 68608K, used 1049K [0x0000000080000000, 0x0000000084300000, 0x00000000d5580000)
  object space 68608K, 1% used [0x0000000080000000,0x00000000801064f8,0x0000000084300000)
 Metaspace       used 8188K, committed 8448K, reserved 1114112K
  class space    used 868K, committed 960K, reserved 1048576K
}
Event: 5.579 GC heap before
{Heap before GC invocations=3 (full 0):
 PSYoungGen      total 29696K, used 29692K [0x00000000d5580000, 0x00000000d7680000, 0x0000000100000000)
  eden space 25600K, 100% used [0x00000000d5580000,0x00000000d6e80000,0x00000000d6e80000)
  from space 4096K, 99% used [0x00000000d7280000,0x00000000d767f000,0x00000000d7680000)
  to   space 4096K, 0% used [0x00000000d6e80000,0x00000000d6e80000,0x00000000d7280000)
 ParOldGen       total 68608K, used 1049K [0x0000000080000000, 0x0000000084300000, 0x00000000d5580000)
  object space 68608K, 1% used [0x0000000080000000,0x00000000801064f8,0x0000000084300000)
 Metaspace       used 12984K, committed 13504K, reserved 1114112K
  class space    used 1372K, committed 1600K, reserved 1048576K
}
Event: 5.587 GC heap after
{Heap after GC invocations=3 (full 0):
 PSYoungGen      total 29696K, used 4066K [0x00000000d5580000, 0x00000000d7680000, 0x0000000100000000)
  eden space 25600K, 0% used [0x00000000d5580000,0x00000000d5580000,0x00000000d6e80000)
  from space 4096K, 99% used [0x00000000d6e80000,0x00000000d7278bc8,0x00000000d7280000)
  to   space 4096K, 0% used [0x00000000d7280000,0x00000000d7280000,0x00000000d7680000)
 ParOldGen       total 68608K, used 2796K [0x0000000080000000, 0x0000000084300000, 0x00000000d5580000)
  object space 68608K, 4% used [0x0000000080000000,0x00000000802bb0b0,0x0000000084300000)
 Metaspace       used 12984K, committed 13504K, reserved 1114112K
  class space    used 1372K, committed 1600K, reserved 1048576K
}
Event: 9.441 GC heap before
{Heap before GC invocations=4 (full 0):
 PSYoungGen      total 29696K, used 29666K [0x00000000d5580000, 0x00000000d7680000, 0x0000000100000000)
  eden space 25600K, 100% used [0x00000000d5580000,0x00000000d6e80000,0x00000000d6e80000)
  from space 4096K, 99% used [0x00000000d6e80000,0x00000000d7278bc8,0x00000000d7280000)
  to   space 4096K, 0% used [0x00000000d7280000,0x00000000d7280000,0x00000000d7680000)
 ParOldGen       total 68608K, used 2796K [0x0000000080000000, 0x0000000084300000, 0x00000000d5580000)
  object space 68608K, 4% used [0x0000000080000000,0x00000000802bb0b0,0x0000000084300000)
 Metaspace       used 17163K, committed 17792K, reserved 1114112K
  class space    used 1812K, committed 2112K, reserved 1048576K
}
Event: 9.447 GC heap after
{Heap after GC invocations=4 (full 0):
 PSYoungGen      total 29696K, used 4090K [0x00000000d5580000, 0x00000000d7680000, 0x0000000100000000)
  eden space 25600K, 0% used [0x00000000d5580000,0x00000000d5580000,0x00000000d6e80000)
  from space 4096K, 99% used [0x00000000d7280000,0x00000000d767eb48,0x00000000d7680000)
  to   space 4096K, 0% used [0x00000000d6e80000,0x00000000d6e80000,0x00000000d7280000)
 ParOldGen       total 68608K, used 4492K [0x0000000080000000, 0x0000000084300000, 0x00000000d5580000)
  object space 68608K, 6% used [0x0000000080000000,0x0000000080463218,0x0000000084300000)
 Metaspace       used 17163K, committed 17792K, reserved 1114112K
  class space    used 1812K, committed 2112K, reserved 1048576K
}

Dll operation events (10 events):
Event: 0.059 Loaded shared library c:\Users\neera\.vscode\extensions\redhat.java-1.55.0-win32-x64\jre\21.0.11-win32-x86_64\bin\java.dll
Event: 0.155 Loaded shared library c:\Users\neera\.vscode\extensions\redhat.java-1.55.0-win32-x64\jre\21.0.11-win32-x86_64\bin\zip.dll
Event: 0.208 Loaded shared library C:\Users\neera\.vscode\extensions\redhat.java-1.55.0-win32-x64\jre\21.0.11-win32-x86_64\bin\instrument.dll
Event: 0.227 Loaded shared library C:\Users\neera\.vscode\extensions\redhat.java-1.55.0-win32-x64\jre\21.0.11-win32-x86_64\bin\net.dll
Event: 0.240 Loaded shared library C:\Users\neera\.vscode\extensions\redhat.java-1.55.0-win32-x64\jre\21.0.11-win32-x86_64\bin\nio.dll
Event: 0.247 Loaded shared library C:\Users\neera\.vscode\extensions\redhat.java-1.55.0-win32-x64\jre\21.0.11-win32-x86_64\bin\zip.dll
Event: 0.283 Loaded shared library C:\Users\neera\.vscode\extensions\redhat.java-1.55.0-win32-x64\jre\21.0.11-win32-x86_64\bin\jimage.dll
Event: 0.443 Loaded shared library c:\Users\neera\.vscode\extensions\redhat.java-1.55.0-win32-x64\jre\21.0.11-win32-x86_64\bin\verify.dll
Event: 3.971 Loaded shared library C:\Users\neera\AppData\Roaming\Code\User\globalStorage\redhat.java\1.55.0\config_ss_win\org.eclipse.equinox.launcher\org.eclipse.equinox.launcher.win32.win32.x86_64_1.3.100.v20260613-0559\eclipse_11924.dll
Event: 9.035 Loaded shared library C:\Users\neera\AppData\Local\Temp\jna-104696893\jna16930695011746087359.dll

Deoptimization events (20 events):
Event: 9.379 Thread 0x000001ee8588c1b0 Uncommon trap: trap_request=0xffffffde fr.pc=0x000001ee905a1314 relative=0x00000000000003b4
Event: 9.379 Thread 0x000001ee8588c1b0 Uncommon trap: reason=class_check action=maybe_recompile pc=0x000001ee905a1314 method=java.util.regex.Pattern$BmpCharPropertyGreedy.match(Ljava/util/regex/Matcher;ILjava/lang/CharSequence;)Z @ 70 c2
Event: 9.379 Thread 0x000001ee8588c1b0 DEOPT PACKING pc=0x000001ee905a1314 sp=0x000000d3843ef280
Event: 9.379 Thread 0x000001ee8588c1b0 DEOPT UNPACKING pc=0x000001ee8ff63aa2 sp=0x000000d3843ef228 mode 2
Event: 9.379 Thread 0x000001ee8588c1b0 Uncommon trap: trap_request=0xffffffde fr.pc=0x000001ee905a1314 relative=0x00000000000003b4
Event: 9.379 Thread 0x000001ee8588c1b0 Uncommon trap: reason=class_check action=maybe_recompile pc=0x000001ee905a1314 method=java.util.regex.Pattern$BmpCharPropertyGreedy.match(Ljava/util/regex/Matcher;ILjava/lang/CharSequence;)Z @ 70 c2
Event: 9.379 Thread 0x000001ee8588c1b0 DEOPT PACKING pc=0x000001ee905a1314 sp=0x000000d3843ef440
Event: 9.379 Thread 0x000001ee8588c1b0 DEOPT UNPACKING pc=0x000001ee8ff63aa2 sp=0x000000d3843ef3e8 mode 2
Event: 9.379 Thread 0x000001ee8588c1b0 Uncommon trap: trap_request=0xffffffde fr.pc=0x000001ee905a1314 relative=0x00000000000003b4
Event: 9.379 Thread 0x000001ee8588c1b0 Uncommon trap: reason=class_check action=maybe_recompile pc=0x000001ee905a1314 method=java.util.regex.Pattern$BmpCharPropertyGreedy.match(Ljava/util/regex/Matcher;ILjava/lang/CharSequence;)Z @ 70 c2
Event: 9.379 Thread 0x000001ee8588c1b0 DEOPT PACKING pc=0x000001ee905a1314 sp=0x000000d3843ef290
Event: 9.379 Thread 0x000001ee8588c1b0 DEOPT UNPACKING pc=0x000001ee8ff63aa2 sp=0x000000d3843ef238 mode 2
Event: 9.441 Thread 0x000001ee8588c1b0 Uncommon trap: trap_request=0xffffffde fr.pc=0x000001ee905bd034 relative=0x0000000000000374
Event: 9.441 Thread 0x000001ee8588c1b0 Uncommon trap: reason=class_check action=maybe_recompile pc=0x000001ee905bd034 method=java.lang.String.<init>(Ljava/lang/AbstractStringBuilder;Ljava/lang/Void;)V @ 10 c2
Event: 9.441 Thread 0x000001ee8588c1b0 DEOPT PACKING pc=0x000001ee905bd034 sp=0x000000d3843f8320
Event: 9.441 Thread 0x000001ee8588c1b0 DEOPT UNPACKING pc=0x000001ee8ff63aa2 sp=0x000000d3843f82f0 mode 2
Event: 9.441 Thread 0x000001ee8588c1b0 Uncommon trap: trap_request=0xffffffde fr.pc=0x000001ee905bd034 relative=0x0000000000000374
Event: 9.441 Thread 0x000001ee8588c1b0 Uncommon trap: reason=class_check action=maybe_recompile pc=0x000001ee905bd034 method=java.lang.String.<init>(Ljava/lang/AbstractStringBuilder;Ljava/lang/Void;)V @ 10 c2
Event: 9.441 Thread 0x000001ee8588c1b0 DEOPT PACKING pc=0x000001ee905bd034 sp=0x000000d3843f84c0
Event: 9.441 Thread 0x000001ee8588c1b0 DEOPT UNPACKING pc=0x000001ee8ff63aa2 sp=0x000000d3843f8490 mode 2

Classes loaded (20 events):
Event: 9.368 Loading class java/util/zip/GZIPOutputStream
Event: 9.369 Loading class java/util/zip/GZIPOutputStream done
Event: 9.402 Loading class java/io/StringReader
Event: 9.403 Loading class java/io/StringReader done
Event: 9.412 Loading class java/net/SocketTimeoutException
Event: 9.413 Loading class java/io/InterruptedIOException
Event: 9.413 Loading class java/io/InterruptedIOException done
Event: 9.413 Loading class java/net/SocketTimeoutException done
Event: 9.413 Loading class java/net/SocketException
Event: 9.414 Loading class java/net/SocketException done
Event: 9.414 Loading class java/net/UnknownHostException
Event: 9.414 Loading class java/net/UnknownHostException done
Event: 9.414 Loading class java/net/ProtocolException
Event: 9.414 Loading class java/net/ProtocolException done
Event: 9.453 Loading class java/lang/ThreadLocal$SuppliedThreadLocal
Event: 9.453 Loading class java/lang/ThreadLocal$SuppliedThreadLocal done
Event: 9.478 Loading class java/lang/NegativeArraySizeException
Event: 9.478 Loading class java/lang/NegativeArraySizeException done
Event: 9.478 Loading class java/io/FileWriter
Event: 9.478 Loading class java/io/FileWriter done

Classes unloaded (0 events):
No events

Classes redefined (0 events):
No events

Internal exceptions (20 events):
Event: 9.080 Thread 0x000001ee8588c1b0 Exception <a 'java/lang/NoSuchMethodError'{0x00000000d64198c0}: 'void java.lang.invoke.DelegatingMethodHandle$Holder.reinvoke_L(java.lang.Object, java.lang.Object, int)'> (0x00000000d64198c0) 
thrown [s\src\hotspot\share\interpreter\linkResolver.cpp, line 773]
Event: 9.081 Thread 0x000001ee8588c1b0 Exception <a 'java/lang/NoSuchMethodError'{0x00000000d64205a8}: 'int java.lang.invoke.Invokers$Holder.invokeExact_MT(java.lang.Object, java.lang.Object, java.lang.Object)'> (0x00000000d64205a8) 
thrown [s\src\hotspot\share\interpreter\linkResolver.cpp, line 773]
Event: 9.106 Thread 0x000001ee8588c1b0 Exception <a 'java/lang/NoSuchMethodError'{0x00000000d64eb558}: method resolution failed> (0x00000000d64eb558) 
thrown [s\src\hotspot\share\prims\methodHandles.cpp, line 1136]
Event: 9.124 Thread 0x000001ee8588c1b0 Exception <a 'java/lang/NoSuchMethodError'{0x00000000d65575a0}: 'void java.lang.invoke.Invokers$Holder.invokeExact_MT(java.lang.Object, java.lang.Object, int, java.lang.Object)'> (0x00000000d65575a0) 
thrown [s\src\hotspot\share\interpreter\linkResolver.cpp, line 773]
Event: 9.197 Thread 0x000001ee8588c1b0 Exception <a 'java/lang/NoSuchMethodError'{0x00000000d66532c8}: 'java.lang.Object java.lang.invoke.DirectMethodHandle$Holder.invokeSpecial(java.lang.Object, java.lang.Object, java.lang.Object, long, java.lang.Object)'> (0x00000000d66532c8) 
thrown [s\src\hotspot\share\interpreter\linkResolver.cpp, line 773]
Event: 9.198 Thread 0x000001ee8588c1b0 Exception <a 'java/lang/NoSuchMethodError'{0x00000000d665ab10}: 'java.lang.Object java.lang.invoke.DirectMethodHandle$Holder.newInvokeSpecial(java.lang.Object, java.lang.Object, java.lang.Object, long)'> (0x00000000d665ab10) 
thrown [s\src\hotspot\share\interpreter\linkResolver.cpp, line 773]
Event: 9.199 Thread 0x000001ee8588c1b0 Exception <a 'java/lang/NoSuchMethodError'{0x00000000d665eec0}: 'java.lang.Object java.lang.invoke.DirectMethodHandle$Holder.invokeSpecial(java.lang.Object, java.lang.Object, java.lang.Object, java.lang.Object, long)'> (0x00000000d665eec0) 
thrown [s\src\hotspot\share\interpreter\linkResolver.cpp, line 773]
Event: 9.199 Thread 0x000001ee8588c1b0 Exception <a 'java/lang/NoSuchMethodError'{0x00000000d6662ae0}: 'java.lang.Object java.lang.invoke.Invokers$Holder.linkToTargetMethod(java.lang.Object, java.lang.Object, long, java.lang.Object)'> (0x00000000d6662ae0) 
thrown [s\src\hotspot\share\interpreter\linkResolver.cpp, line 773]
Event: 9.215 Thread 0x000001ee8588c1b0 Exception <a 'java/lang/NoSuchMethodError'{0x00000000d66bae50}: 'int java.lang.invoke.DirectMethodHandle$Holder.invokeStaticInit(java.lang.Object, java.lang.Object, java.lang.Object)'> (0x00000000d66bae50) 
thrown [s\src\hotspot\share\interpreter\linkResolver.cpp, line 773]
Event: 9.237 Thread 0x000001ee8588c1b0 Exception <a 'java/lang/IncompatibleClassChangeError'{0x00000000d6768ca0}: Found class java.lang.Object, but interface was expected> (0x00000000d6768ca0) 
thrown [s\src\hotspot\share\interpreter\linkResolver.cpp, line 840]
Event: 9.247 Thread 0x000001ee8588c1b0 Exception <a 'java/lang/NoSuchMethodError'{0x00000000d677c068}: 'java.lang.Object java.lang.invoke.DirectMethodHandle$Holder.invokeSpecial(java.lang.Object, java.lang.Object, java.lang.Object, int, java.lang.Object, java.lang.Object)'> (0x00000000d677c068) 
thrown [s\src\hotspot\share\interpreter\linkResolver.cpp, line 773]
Event: 9.248 Thread 0x000001ee8588c1b0 Exception <a 'java/lang/NoSuchMethodError'{0x00000000d6783b40}: 'java.lang.Object java.lang.invoke.DirectMethodHandle$Holder.newInvokeSpecial(java.lang.Object, java.lang.Object, java.lang.Object, int, java.lang.Object)'> (0x00000000d6783b40) 
thrown [s\src\hotspot\share\interpreter\linkResolver.cpp, line 773]
Event: 9.249 Thread 0x000001ee8588c1b0 Exception <a 'java/lang/NoSuchMethodError'{0x00000000d6787ac0}: 'java.lang.Object java.lang.invoke.DirectMethodHandle$Holder.invokeSpecial(java.lang.Object, java.lang.Object, java.lang.Object, java.lang.Object, int, java.lang.Object)'> (0x00000000d6787ac0) 
thrown [s\src\hotspot\share\interpreter\linkResolver.cpp, line 773]
Event: 9.249 Thread 0x000001ee8588c1b0 Exception <a 'java/lang/NoSuchMethodError'{0x00000000d678b600}: 'java.lang.Object java.lang.invoke.Invokers$Holder.linkToTargetMethod(java.lang.Object, java.lang.Object, int, java.lang.Object, java.lang.Object)'> (0x00000000d678b600) 
thrown [s\src\hotspot\share\interpreter\linkResolver.cpp, line 773]
Event: 9.250 Thread 0x000001eee41da100 Exception <a 'java/lang/NoSuchMethodError'{0x00000000d66c0650}: 'java.lang.Object java.lang.invoke.DirectMethodHandle$Holder.invokeSpecial(java.lang.Object, java.lang.Object, int, java.lang.Object, java.lang.Object)'> (0x00000000d66c0650) 
thrown [s\src\hotspot\share\interpreter\linkResolver.cpp, line 773]
Event: 9.251 Thread 0x000001eee41da100 Exception <a 'java/lang/NoSuchMethodError'{0x00000000d66c7388}: 'java.lang.Object java.lang.invoke.DirectMethodHandle$Holder.newInvokeSpecial(java.lang.Object, java.lang.Object, int, java.lang.Object)'> (0x00000000d66c7388) 
thrown [s\src\hotspot\share\interpreter\linkResolver.cpp, line 773]
Event: 9.252 Thread 0x000001eee41da100 Exception <a 'java/lang/NoSuchMethodError'{0x00000000d66cac68}: 'java.lang.Object java.lang.invoke.DirectMethodHandle$Holder.invokeSpecial(java.lang.Object, java.lang.Object, java.lang.Object, int, java.lang.Object)'> (0x00000000d66cac68) 
thrown [s\src\hotspot\share\interpreter\linkResolver.cpp, line 773]
Event: 9.284 Thread 0x000001ee8588c1b0 Exception <a 'java/lang/NoSuchMethodError'{0x00000000d68a9e70}: 'void java.lang.invoke.DirectMethodHandle$Holder.invokeSpecial(java.lang.Object, java.lang.Object, java.lang.Object, java.lang.Object, java.lang.Object)'> (0x00000000d68a9e70) 
thrown [s\src\hotspot\share\interpreter\linkResolver.cpp, line 773]
Event: 9.347 Thread 0x000001ee8588c1b0 Exception <a 'java/lang/NoSuchMethodError'{0x00000000d6ae49c0}: 'double java.lang.invoke.DirectMethodHandle$Holder.invokeStatic(java.lang.Object, java.lang.Object)'> (0x00000000d6ae49c0) 
thrown [s\src\hotspot\share\interpreter\linkResolver.cpp, line 773]
Event: 9.348 Thread 0x000001ee8588c1b0 Exception <a 'java/lang/NoSuchMethodError'{0x00000000d6ae8080}: 'double java.lang.invoke.DirectMethodHandle$Holder.invokeStaticInit(java.lang.Object, java.lang.Object)'> (0x00000000d6ae8080) 
thrown [s\src\hotspot\share\interpreter\linkResolver.cpp, line 773]

ZGC Phase Switch (0 events):
No events

VM Operations (20 events):
Event: 5.578 Executing safepoint VM operation: ParallelGCFailedAllocation (Allocation Failure)
Event: 5.587 Executing safepoint VM operation: ParallelGCFailedAllocation (Allocation Failure) done
Event: 5.799 Executing non-safepoint VM operation: HandshakeAllThreads (Deoptimize)
Event: 5.799 Executing non-safepoint VM operation: HandshakeAllThreads (Deoptimize) done
Event: 5.807 Executing non-safepoint VM operation: HandshakeAllThreads (Deoptimize)
Event: 5.807 Executing non-safepoint VM operation: HandshakeAllThreads (Deoptimize) done
Event: 5.846 Executing non-safepoint VM operation: HandshakeAllThreads (Deoptimize)
Event: 5.846 Executing non-safepoint VM operation: HandshakeAllThreads (Deoptimize) done
Event: 6.851 Executing safepoint VM operation: Cleanup
Event: 6.851 Executing safepoint VM operation: Cleanup done
Event: 7.855 Executing safepoint VM operation: Cleanup
Event: 7.855 Executing safepoint VM operation: Cleanup done
Event: 8.866 Executing safepoint VM operation: Cleanup
Event: 8.866 Executing safepoint VM operation: Cleanup done
Event: 9.057 Executing non-safepoint VM operation: HandshakeAllThreads (Deoptimize)
Event: 9.057 Executing non-safepoint VM operation: HandshakeAllThreads (Deoptimize) done
Event: 9.441 Executing safepoint VM operation: ParallelGCFailedAllocation (Allocation Failure)
Event: 9.447 Executing safepoint VM operation: ParallelGCFailedAllocation (Allocation Failure) done
Event: 12.476 Executing safepoint VM operation: Cleanup
Event: 12.476 Executing safepoint VM operation: Cleanup done

Memory protections (0 events):
No events

Nmethod flushes (0 events):
No events

Events (20 events):
Event: 3.939 Thread 0x000001ee857e3100 Thread added: 0x000001ee8588bb20
Event: 3.952 Thread 0x000001ee857e3100 Thread added: 0x000001ee8588c1b0
Event: 4.049 Thread 0x000001ee8588c1b0 Thread added: 0x000001eee41d8d50
Event: 4.131 Thread 0x000001eee41a3eb0 Thread exited: 0x000001eee41a3eb0
Event: 4.760 Thread 0x000001eede5a8750 Thread added: 0x000001eee4153c90
Event: 4.760 Thread 0x000001eede5a8750 Thread added: 0x000001eee41153c0
Event: 5.271 Thread 0x000001eee41153c0 Thread exited: 0x000001eee41153c0
Event: 5.272 Thread 0x000001eee4153c90 Thread exited: 0x000001eee4153c90
Event: 5.369 Thread 0x000001ee8588c1b0 Thread added: 0x000001eee41da790
Event: 5.888 Thread 0x000001eede5a8750 Thread added: 0x000001eee4348cb0
Event: 6.156 Thread 0x000001eee4348cb0 Thread exited: 0x000001eee4348cb0
Event: 9.093 Thread 0x000001ee8588c1b0 Thread added: 0x000001eee41dae20
Event: 9.204 Thread 0x000001ee8588c1b0 Thread added: 0x000001eee41da100
Event: 9.252 Thread 0x000001ee8588c1b0 Thread added: 0x000001eee41db4b0
Event: 9.391 Thread 0x000001eede5a8750 Thread added: 0x000001eedf6b8dc0
Event: 11.497 Thread 0x000001eedf6b8dc0 Thread exited: 0x000001eedf6b8dc0
Event: 11.511 Thread 0x000001eede5a8750 Thread added: 0x000001eee43c2820
Event: 11.563 Thread 0x000001eede5a8750 Thread added: 0x000001eee4b47440
Event: 11.687 Thread 0x000001eee4b47440 Thread exited: 0x000001eee4b47440
Event: 11.872 Thread 0x000001eee43c2820 Thread exited: 0x000001eee43c2820


Dynamic libraries:
0x00007ff69e170000 - 0x00007ff69e17e000 	c:\Users\neera\.vscode\extensions\redhat.java-1.55.0-win32-x64\jre\21.0.11-win32-x86_64\bin\java.exe
0x00007ffed5bc0000 - 0x00007ffed5e27000 	C:\WINDOWS\SYSTEM32\ntdll.dll
0x00007ffed54e0000 - 0x00007ffed55a9000 	C:\WINDOWS\System32\KERNEL32.DLL
0x00007ffed2540000 - 0x00007ffed2934000 	C:\WINDOWS\System32\KERNELBASE.dll
0x00007ffed2b30000 - 0x00007ffed2c7b000 	C:\WINDOWS\System32\ucrtbase.dll
0x00007ffea73e0000 - 0x00007ffea73fe000 	c:\Users\neera\.vscode\extensions\redhat.java-1.55.0-win32-x64\jre\21.0.11-win32-x86_64\bin\VCRUNTIME140.dll
0x00007ffea73c0000 - 0x00007ffea73d8000 	c:\Users\neera\.vscode\extensions\redhat.java-1.55.0-win32-x64\jre\21.0.11-win32-x86_64\bin\jli.dll
0x00007ffed4550000 - 0x00007ffed4715000 	C:\WINDOWS\System32\USER32.dll
0x00007ffed2940000 - 0x00007ffed2967000 	C:\WINDOWS\System32\win32u.dll
0x00007ffeb71d0000 - 0x00007ffeb7463000 	C:\WINDOWS\WinSxS\amd64_microsoft.windows.common-controls_6595b64144ccf1df_6.0.26100.8115_none_3e075c82e3354f9c\COMCTL32.dll
0x00007ffed5a40000 - 0x00007ffed5a6b000 	C:\WINDOWS\System32\GDI32.dll
0x00007ffed4cb0000 - 0x00007ffed4d59000 	C:\WINDOWS\System32\msvcrt.dll
0x00007ffed2a00000 - 0x00007ffed2b2b000 	C:\WINDOWS\System32\gdi32full.dll
0x00007ffed2490000 - 0x00007ffed2533000 	C:\WINDOWS\System32\msvcp_win.dll
0x00007ffed3a90000 - 0x00007ffed3ac2000 	C:\WINDOWS\System32\IMM32.DLL
0x00007ffecc490000 - 0x00007ffecc49c000 	c:\Users\neera\.vscode\extensions\redhat.java-1.55.0-win32-x64\jre\21.0.11-win32-x86_64\bin\vcruntime140_1.dll
0x00007ffe9ad90000 - 0x00007ffe9ae1d000 	c:\Users\neera\.vscode\extensions\redhat.java-1.55.0-win32-x64\jre\21.0.11-win32-x86_64\bin\msvcp140.dll
0x00007ffe07f30000 - 0x00007ffe08cd2000 	c:\Users\neera\.vscode\extensions\redhat.java-1.55.0-win32-x64\jre\21.0.11-win32-x86_64\bin\server\jvm.dll
0x00007ffed5980000 - 0x00007ffed5a36000 	C:\WINDOWS\System32\ADVAPI32.dll
0x00007ffed5830000 - 0x00007ffed58d7000 	C:\WINDOWS\System32\sechost.dll
0x00007ffed4b90000 - 0x00007ffed4ca8000 	C:\WINDOWS\System32\RPCRT4.dll
0x00007ffed58f0000 - 0x00007ffed5970000 	C:\WINDOWS\System32\WS2_32.dll
0x00007ffed22f0000 - 0x00007ffed234e000 	C:\WINDOWS\SYSTEM32\POWRPROF.dll
0x00007ffecc790000 - 0x00007ffecc7c6000 	C:\WINDOWS\SYSTEM32\WINMM.dll
0x00007ffecc7d0000 - 0x00007ffecc7db000 	C:\WINDOWS\SYSTEM32\VERSION.dll
0x00007ffed22d0000 - 0x00007ffed22e4000 	C:\WINDOWS\SYSTEM32\UMPDC.dll
0x00007ffed1220000 - 0x00007ffed123b000 	C:\WINDOWS\SYSTEM32\kernel.appcore.dll
0x00007ffea7620000 - 0x00007ffea762a000 	c:\Users\neera\.vscode\extensions\redhat.java-1.55.0-win32-x64\jre\21.0.11-win32-x86_64\bin\jimage.dll
0x00007ffed0070000 - 0x00007ffed02b2000 	C:\WINDOWS\SYSTEM32\DBGHELP.DLL
0x00007ffed3ff0000 - 0x00007ffed4372000 	C:\WINDOWS\System32\combase.dll
0x00007ffed4470000 - 0x00007ffed4548000 	C:\WINDOWS\System32\OLEAUT32.dll
0x00007ffeb6cb0000 - 0x00007ffeb6ceb000 	C:\WINDOWS\SYSTEM32\dbgcore.DLL
0x00007ffed2df0000 - 0x00007ffed2e95000 	C:\WINDOWS\System32\bcryptPrimitives.dll
0x00007ffea7590000 - 0x00007ffea759f000 	c:\Users\neera\.vscode\extensions\redhat.java-1.55.0-win32-x64\jre\21.0.11-win32-x86_64\bin\instrument.dll
0x00007ffea73a0000 - 0x00007ffea73c0000 	c:\Users\neera\.vscode\extensions\redhat.java-1.55.0-win32-x64\jre\21.0.11-win32-x86_64\bin\java.dll
0x00007ffed4d70000 - 0x00007ffed54d7000 	C:\WINDOWS\System32\SHELL32.dll
0x00007ffed2c80000 - 0x00007ffed2dea000 	C:\WINDOWS\System32\wintypes.dll
0x00007ffed2f60000 - 0x00007ffed37c8000 	C:\WINDOWS\System32\windows.storage.dll
0x00007ffed4790000 - 0x00007ffed4888000 	C:\WINDOWS\System32\SHCORE.dll
0x00007ffed4720000 - 0x00007ffed4786000 	C:\WINDOWS\System32\shlwapi.dll
0x00007ffed23b0000 - 0x00007ffed23d9000 	C:\WINDOWS\SYSTEM32\profapi.dll
0x00007ffea7380000 - 0x00007ffea7398000 	c:\Users\neera\.vscode\extensions\redhat.java-1.55.0-win32-x64\jre\21.0.11-win32-x86_64\bin\zip.dll
0x00007ffea7530000 - 0x00007ffea7540000 	C:\Users\neera\.vscode\extensions\redhat.java-1.55.0-win32-x64\jre\21.0.11-win32-x86_64\bin\net.dll
0x00007ffec74a0000 - 0x00007ffec75cd000 	C:\WINDOWS\SYSTEM32\WINHTTP.dll
0x00007ffed1790000 - 0x00007ffed17fc000 	C:\WINDOWS\system32\mswsock.dll
0x00007ffe9ad70000 - 0x00007ffe9ad86000 	C:\Users\neera\.vscode\extensions\redhat.java-1.55.0-win32-x64\jre\21.0.11-win32-x86_64\bin\nio.dll
0x00007ffea7430000 - 0x00007ffea7440000 	c:\Users\neera\.vscode\extensions\redhat.java-1.55.0-win32-x64\jre\21.0.11-win32-x86_64\bin\verify.dll
0x00007ffe95d30000 - 0x00007ffe95d75000 	C:\Users\neera\AppData\Roaming\Code\User\globalStorage\redhat.java\1.55.0\config_ss_win\org.eclipse.equinox.launcher\org.eclipse.equinox.launcher.win32.win32.x86_64_1.3.100.v20260613-0559\eclipse_11924.dll
0x00007ffed4890000 - 0x00007ffed4a27000 	C:\WINDOWS\System32\ole32.dll
0x00007ffed1a80000 - 0x00007ffed1a9b000 	C:\WINDOWS\SYSTEM32\CRYPTSP.dll
0x00007ffed1180000 - 0x00007ffed11b9000 	C:\WINDOWS\system32\rsaenh.dll
0x00007ffed1840000 - 0x00007ffed1873000 	C:\WINDOWS\SYSTEM32\USERENV.dll
0x00007ffed2380000 - 0x00007ffed23aa000 	C:\WINDOWS\SYSTEM32\bcrypt.dll
0x00007ffed1a70000 - 0x00007ffed1a7c000 	C:\WINDOWS\SYSTEM32\CRYPTBASE.dll
0x00007ffed0c50000 - 0x00007ffed0c82000 	C:\WINDOWS\SYSTEM32\IPHLPAPI.DLL
0x00007ffed5a70000 - 0x00007ffed5a7a000 	C:\WINDOWS\System32\NSI.dll
0x00007ffe91be0000 - 0x00007ffe91c29000 	C:\Users\neera\AppData\Local\Temp\jna-104696893\jna16930695011746087359.dll
0x00007ffed58e0000 - 0x00007ffed58e8000 	C:\WINDOWS\System32\PSAPI.DLL

JVMTI agents:
c:\Users\neera\.vscode\extensions\redhat.java-1.55.0-win32-x64\lombok\lombok-1.18.39-4050.jar path:c:\Users\neera\.vscode\extensions\redhat.java-1.55.0-win32-x64\jre\21.0.11-win32-x86_64\bin\instrument.dll, loaded, initialized, instrumentlib options:none

dbghelp: loaded successfully - version: 4.0.5 - missing functions: none
symbol engine: initialized successfully - sym options: 0x614 - pdb path: .;c:\Users\neera\.vscode\extensions\redhat.java-1.55.0-win32-x64\jre\21.0.11-win32-x86_64\bin;C:\WINDOWS\SYSTEM32;C:\WINDOWS\WinSxS\amd64_microsoft.windows.common-controls_6595b64144ccf1df_6.0.26100.8115_none_3e075c82e3354f9c;c:\Users\neera\.vscode\extensions\redhat.java-1.55.0-win32-x64\jre\21.0.11-win32-x86_64\bin\server;C:\Users\neera\AppData\Roaming\Code\User\globalStorage\redhat.java\1.55.0\config_ss_win\org.eclipse.equinox.launcher\org.eclipse.equinox.launcher.win32.win32.x86_64_1.3.100.v20260613-0559;C:\Users\neera\AppData\Local\Temp\jna-104696893

VM Arguments:
jvm_args: --add-modules=ALL-SYSTEM --add-opens=java.base/java.util=ALL-UNNAMED --add-opens=java.base/java.lang=ALL-UNNAMED --add-opens=java.base/sun.nio.fs=ALL-UNNAMED -Declipse.application=org.eclipse.jdt.ls.core.id1 -Dosgi.bundles.defaultStartLevel=4 -Declipse.product=org.eclipse.jdt.ls.core.product -Djava.import.generatesMetadataFilesAtProjectRoot=false -DDetectVMInstallationsJob.disabled=true -Dfile.encoding=utf8 -XX:+UseParallelGC -XX:GCTimeRatio=4 -XX:AdaptiveSizePolicyWeight=90 -Dsun.zip.disableMemoryMapping=true -Xmx2G -Xms100m -Xlog:disable -javaagent:c:\Users\neera\.vscode\extensions\redhat.java-1.55.0-win32-x64\lombok\lombok-1.18.39-4050.jar 
java_command: c:\Users\neera\.vscode\extensions\redhat.java-1.55.0-win32-x64\server\plugins\org.eclipse.equinox.launcher_1.7.200.v20260619-2039.jar -configuration c:\Users\neera\AppData\Roaming\Code\User\globalStorage\redhat.java\1.55.0\config_ss_win -data c:\Users\neera\AppData\Roaming\Code\User\workspaceStorage\f67178313069d115ae4a3d23a0a6ff39\redhat.java\ss_ws --pipe=\\.\pipe\lsp-6b79173c0936dbedbff222b03b74ee9f-sock
java_class_path (initial): c:\Users\neera\.vscode\extensions\redhat.java-1.55.0-win32-x64\server\plugins\org.eclipse.equinox.launcher_1.7.200.v20260619-2039.jar
Launcher Type: SUN_STANDARD

[Global flags]
    uintx AdaptiveSizePolicyWeight                 = 90                                        {product} {command line}
     intx CICompilerCount                          = 4                                         {product} {ergonomic}
    uintx GCTimeRatio                              = 4                                         {product} {command line}
   size_t InitialHeapSize                          = 104857600                                 {product} {command line}
   size_t MaxHeapSize                              = 2147483648                                {product} {command line}
   size_t MaxNewSize                               = 715653120                                 {product} {ergonomic}
   size_t MinHeapDeltaBytes                        = 524288                                    {product} {ergonomic}
   size_t MinHeapSize                              = 104857600                                 {product} {command line}
   size_t NewSize                                  = 34603008                                  {product} {ergonomic}
    uintx NonNMethodCodeHeapSize                   = 5839372                                {pd product} {ergonomic}
    uintx NonProfiledCodeHeapSize                  = 122909434                              {pd product} {ergonomic}
   size_t OldSize                                  = 70254592                                  {product} {ergonomic}
    uintx ProfiledCodeHeapSize                     = 122909434                              {pd product} {ergonomic}
    uintx ReservedCodeCacheSize                    = 251658240                              {pd product} {ergonomic}
     bool SegmentedCodeCache                       = true                                      {product} {ergonomic}
   size_t SoftMaxHeapSize                          = 2147483648                             {manageable} {ergonomic}
     bool UseCompressedOops                        = true                           {product lp64_product} {ergonomic}
     bool UseLargePagesIndividualAllocation        = false                                  {pd product} {ergonomic}
     bool UseParallelGC                            = true                                      {product} {command line}

Logging:
Log output configuration:
 #0: stdout all=off uptime,level,tags foldmultilines=false
 #1: stderr all=off uptime,level,tags foldmultilines=false

Release file:
JAVA_VERSION="21.0.11" 
MODULES="java.base java.compiler java.datatransfer java.xml java.prefs java.desktop java.instrument java.logging java.management java.security.sasl java.naming java.rmi java.management.rmi java.net.http java.scripting java.security.jgss java.transaction.xa java.sql java.sql.rowset java.xml.crypto java.se java.smartcardio jdk.accessibility jdk.internal.jvmstat jdk.attach jdk.charsets jdk.internal.opt jdk.zipfs jdk.compiler jdk.crypto.ec jdk.crypto.cryptoki jdk.crypto.mscapi jdk.dynalink jdk.internal.ed jdk.editpad jdk.hotspot.agent jdk.httpserver jdk.internal.le jdk.internal.vm.ci jdk.internal.vm.compiler jdk.internal.vm.compiler.management jdk.jartool jdk.javadoc jdk.jcmd jdk.management jdk.management.agent jdk.jconsole jdk.jdeps jdk.jdwp.agent jdk.jdi jdk.jfr jdk.jshell jdk.jsobject jdk.jstatd jdk.localedata jdk.management.jfr jdk.naming.dns jdk.naming.rmi jdk.net jdk.nio.mapmode jdk.random jdk.sctp jdk.security.auth jdk.security.jgss jdk.unsupported jdk.unsupported.desktop jdk.xml.dom" 

Environment Variables:
JAVA_HOME=C:\Users\neera\AppData\Local\Programs\Eclipse Adoptium\jdk-25.0.1.8-hotspot\
PATH=C:\Python314\Scripts\;C:\Python314\;C:\Program Files\Eclipse Adoptium\jdk-21.0.7.6-hotspot\bin;C:\WINDOWS\system32;C:\WINDOWS;C:\WINDOWS\System32\Wbem;C:\WINDOWS\System32\WindowsPowerShell\v1.0\;C:\WINDOWS\System32\OpenSSH\;C:\Program Files\Git\cmd;C:\Users\neera\Downloads\gradle-8.14.3-bin\gradle-8.14.3\bin;C:\WINDOWS\system32;C:\WINDOWS;C:\WINDOWS\System32\Wbem;C:\WINDOWS\System32\WindowsPowerShell\v1.0\;C:\WINDOWS\System32\OpenSSH\;C:\Program Files\nodejs\;C:\ProgramData\chocolatey\bin;C:\Program Files\MySQL\MySQL Shell 8.0\bin\;C:\Users\neera\AppData\Local\Programs\Eclipse Adoptium\jdk-25.0.1.8-hotspot\bin;C:\Users\neera\AppData\Local\Programs\Python\Python313\Scripts\;C:\Users\neera\AppData\Local\Programs\Python\Python313\;C:\Users\neera\AppData\Local\Microsoft\WindowsApps;C:\Program Files\JetBrains\IntelliJ IDEA Community Edition 2022.2.2\bin;;C:\Users\neera\AppData\Local\GitHubDesktop\bin;C:\Users\neera\AppData\Local\Programs\Microsoft VS Code\bin;C:\Program Files\sf\bin;C:\Users\neera\AppData\Roaming\npm
USERNAME=neera
OS=Windows_NT
PROCESSOR_IDENTIFIER=AMD64 Family 23 Model 104 Stepping 1, AuthenticAMD
TMP=C:\Users\neera\AppData\Local\Temp
TEMP=C:\Users\neera\AppData\Local\Temp




Periodic native trim disabled

---------------  S Y S T E M  ---------------

OS:
 Windows 11 , 64 bit Build 26100 (10.0.26100.8246)
OS uptime: 6 days 7:10 hours
Hyper-V role detected

CPU: total 12 (initial active 12) (12 cores per cpu, 2 threads per core) family 23 model 104 stepping 1 microcode 0x8608109, cx8, cmov, fxsr, ht, mmx, 3dnowpref, sse, sse2, sse3, ssse3, sse4a, sse4.1, sse4.2, popcnt, lzcnt, tsc, tscinvbit, avx, avx2, aes, clmul, bmi1, bmi2, adx, sha, fma, vzeroupper, clflush, clflushopt, hv, rdtscp, rdpid, f16c
Processor Information for processor 0
  Max Mhz: 2100, Current Mhz: 1893, Mhz Limit: 2100
Processor Information for processor 1
  Max Mhz: 2100, Current Mhz: 1813, Mhz Limit: 2100
Processor Information for processor 2
  Max Mhz: 2100, Current Mhz: 1813, Mhz Limit: 2100
Processor Information for processor 3
  Max Mhz: 2100, Current Mhz: 1893, Mhz Limit: 2100
Processor Information for processor 4
  Max Mhz: 2100, Current Mhz: 1893, Mhz Limit: 2100
Processor Information for processor 5
  Max Mhz: 2100, Current Mhz: 1893, Mhz Limit: 2100
Processor Information for processor 6
  Max Mhz: 2100, Current Mhz: 1893, Mhz Limit: 2100
Processor Information for processor 7
  Max Mhz: 2100, Current Mhz: 1813, Mhz Limit: 2100
Processor Information for processor 8
  Max Mhz: 2100, Current Mhz: 1813, Mhz Limit: 2100
Processor Information for processor 9
  Max Mhz: 2100, Current Mhz: 1813, Mhz Limit: 2100
Processor Information for processor 10
  Max Mhz: 2100, Current Mhz: 1893, Mhz Limit: 2100
Processor Information for processor 11
  Max Mhz: 2100, Current Mhz: 1893, Mhz Limit: 2100

Memory: 4k page, system-wide physical 7501M (697M free)
TotalPageFile size 30029M (AvailPageFile size 3M)
current process WorkingSet (physical memory assigned to process): 132M, peak: 132M
current process commit charge ("private bytes"): 277M, peak: 277M

vm_info: OpenJDK 64-Bit Server VM (21.0.11+10-LTS) for windows-amd64 JRE (21.0.11+10-LTS), built on 2026-04-21T00:00:00Z by "admin" with MS VC++ 17.12 (VS2022)

END.
